2026-06-26 03:26:12,723 | INFO     | [INICIO] Optimizacion y Entrenamiento Fase 3 (Generative)...
2026-06-26 03:26:14,564 | INFO     | --- Optimizando MDN ---
2026-06-26 03:51:51,631 | INFO     | [MDN] Epoch 50/200 | Train Loss: 20.0258 | Val Loss: 19.9674
2026-06-26 03:58:48,979 | INFO     | [MDN] Epoch 100/200 | Train Loss: 20.0248 | Val Loss: 19.9670
2026-06-26 04:05:22,450 | INFO     | [MDN] Epoch 150/200 | Train Loss: 20.0251 | Val Loss: 5712357577608669.0000
2026-06-26 04:11:38,928 | INFO     | [MDN] Epoch 200/200 | Train Loss: 20.0258 | Val Loss: 147782228158.7266
2026-06-26 04:11:39,116 | INFO     | --- Optimizando cVAE ---
2026-06-26 04:25:31,211 | INFO     | [cVAE] Epoch 50/200 | Train Loss: 0.9464 | Val Loss: 0.9461
2026-06-26 04:30:45,922 | INFO     | [cVAE] Epoch 100/200 | Train Loss: 0.9361 | Val Loss: 0.9336
2026-06-26 04:35:49,477 | INFO     | [cVAE] Epoch 150/200 | Train Loss: 0.9333 | Val Loss: 0.9305
2026-06-26 04:41:05,882 | INFO     | [cVAE] Epoch 200/200 | Train Loss: 0.9315 | Val Loss: 0.9302
2026-06-26 04:41:06,061 | INFO     | --- Optimizando MCDropout ---
2026-06-26 04:56:32,840 | INFO     | [MCDropout] Epoch 50/200 | Train Loss: 0.9470 | Val Loss: 0.9439
2026-06-26 05:01:40,539 | INFO     | [MCDropout] Epoch 100/200 | Train Loss: 0.9438 | Val Loss: 0.9417
2026-06-26 05:08:40,578 | INFO     | [MCDropout] Epoch 150/200 | Train Loss: 0.9421 | Val Loss: 0.9377
2026-06-26 05:14:50,791 | INFO     | [MCDropout] Epoch 200/200 | Train Loss: 0.9408 | Val Loss: 0.9375
2026-06-26 05:14:50,983 | INFO     | --- Optimizando TabularDDPM ---
2026-06-26 05:30:26,279 | INFO     | [TabularDDPM] Epoch 50/200 | Train Loss: 0.4151 | Val Loss: 0.4104
2026-06-26 05:36:54,727 | INFO     | [TabularDDPM] Epoch 100/200 | Train Loss: 0.4133 | Val Loss: 0.4088
2026-06-26 05:43:09,560 | INFO     | [TabularDDPM] Epoch 150/200 | Train Loss: 0.4124 | Val Loss: 0.4071
2026-06-26 05:49:27,632 | INFO     | [TabularDDPM] Epoch 200/200 | Train Loss: 0.4099 | Val Loss: 0.4060
2026-06-26 05:49:27,821 | INFO     | --- Optimizando cGAN ---
2026-06-26 06:16:17,963 | INFO     | [cGAN] Epoch 50/200 | Train Loss: 3.1147 | Val Loss: 0.0000
2026-06-26 06:24:16,267 | INFO     | [cGAN] Epoch 100/200 | Train Loss: 5.6225 | Val Loss: 0.0000
2026-06-26 06:32:15,424 | INFO     | [cGAN] Epoch 150/200 | Train Loss: 7.5194 | Val Loss: 0.0000
2026-06-26 06:40:17,618 | INFO     | [cGAN] Epoch 200/200 | Train Loss: 8.4835 | Val Loss: 0.0000
2026-06-26 06:40:18,386 | INFO     | Mejor Modelo Fase 3: TabularDDPM (Val Loss: 0.4060)
2026-06-26 06:40:18,386 | INFO     | [FIN] Optimizacion y Entrenamiento Fase 3 (Generative) completado en 11645.6627 segundos.
